<?xml version="1.0" encoding="UTF-8"?>
<!-- Generated by org.testng.reporters.JUnitReportReporter -->
<testsuite skipped="0" hostname="Aby-HP" name="qaclickacademy.AppiumTest" tests="2" failures="0" timestamp="20 Jun 2019 06:37:29 GMT" time="0.001" errors="0">
  <testcase name="Android" time="0.001" classname="qaclickacademy.AppiumTest"/>
  <testcase name="IOS" time="0.000" classname="qaclickacademy.AppiumTest"/>
</testsuite> <!-- qaclickacademy.AppiumTest -->
