<?xml version="1.0" encoding="UTF-8"?>
<!-- Generated by org.testng.reporters.JUnitReportReporter -->
<testsuite skipped="0" hostname="Aby-HP" name="qaclickacademy.RESTAPITest" tests="2" failures="0" timestamp="20 Jun 2019 06:37:29 GMT" time="0.002" errors="0">
  <testcase name="PostJira" time="0.001" classname="qaclickacademy.RESTAPITest"/>
  <testcase name="API" time="0.001" classname="qaclickacademy.RESTAPITest"/>
</testsuite> <!-- qaclickacademy.RESTAPITest -->
