<?xml version="1.0" encoding="UTF-8"?>
<!-- Generated by org.testng.reporters.JUnitReportReporter -->
<testsuite skipped="0" hostname="Aby-HP" name="qaclickacademy.SeleniumTest" tests="2" failures="0" timestamp="20 Jun 2019 06:37:29 GMT" time="0.011" errors="0">
  <testcase name="LogIn" time="0.011" classname="qaclickacademy.SeleniumTest"/>
  <testcase name="demo" time="0.000" classname="qaclickacademy.SeleniumTest"/>
</testsuite> <!-- qaclickacademy.SeleniumTest -->
